CRITICAL - 2025-06-18 03:38:48 --> ErrorException: Undefined variable $totalUsers
[Method: GET, Route: /]
in APPPATH\Views\dashboard\index.php on line 19.
 1 APPPATH\Views\dashboard\index.php(19): CodeIgniter\Debug\Exceptions->errorHandler(2, 'Undefined variable $totalUsers', 'D:\\laragon\\www\\Tubes-Tekweb\\app\\Views\\dashboard\\index.php', 19)
 2 SYSTEMPATH\View\View.php(224): include('D:\\laragon\\www\\Tubes-Tekweb\\app\\Views\\dashboard\\index.php')
 3 SYSTEMPATH\View\View.php(227): CodeIgniter\View\View->CodeIgniter\View\{closure}()
 4 SYSTEMPATH\Common.php(1173): CodeIgniter\View\View->render('dashboard/index', [], true)
 5 APPPATH\Controllers\Home.php(11): view('dashboard/index')
 6 SYSTEMPATH\CodeIgniter.php(933): App\Controllers\Home->index()
 7 SYSTEMPATH\CodeIgniter.php(507): CodeIgniter\CodeIgniter->runController(Object(App\Controllers\Home))
 8 SYSTEMPATH\CodeIgniter.php(354): CodeIgniter\CodeIgniter->handleRequest(null, Object(Config\Cache), false)
 9 SYSTEMPATH\Boot.php(334): CodeIgniter\CodeIgniter->run()
10 SYSTEMPATH\Boot.php(67): CodeIgniter\Boot::runCodeIgniter(Object(CodeIgniter\CodeIgniter))
11 FCPATH\index.php(56): CodeIgniter\Boot::bootWeb(Object(Config\Paths))
12 SYSTEMPATH\rewrite.php(44): require_once('D:\\laragon\\www\\Tubes-Tekweb\\public\\index.php')
CRITICAL - 2025-06-18 03:39:23 --> ErrorException: Undefined variable $totalUsers
[Method: GET, Route: /]
in APPPATH\Views\dashboard\index.php on line 19.
 1 APPPATH\Views\dashboard\index.php(19): CodeIgniter\Debug\Exceptions->errorHandler(2, 'Undefined variable $totalUsers', 'D:\\laragon\\www\\Tubes-Tekweb\\app\\Views\\dashboard\\index.php', 19)
 2 SYSTEMPATH\View\View.php(224): include('D:\\laragon\\www\\Tubes-Tekweb\\app\\Views\\dashboard\\index.php')
 3 SYSTEMPATH\View\View.php(227): CodeIgniter\View\View->CodeIgniter\View\{closure}()
 4 SYSTEMPATH\Common.php(1173): CodeIgniter\View\View->render('dashboard/index', [], true)
 5 APPPATH\Controllers\Home.php(11): view('dashboard/index')
 6 SYSTEMPATH\CodeIgniter.php(933): App\Controllers\Home->index()
 7 SYSTEMPATH\CodeIgniter.php(507): CodeIgniter\CodeIgniter->runController(Object(App\Controllers\Home))
 8 SYSTEMPATH\CodeIgniter.php(354): CodeIgniter\CodeIgniter->handleRequest(null, Object(Config\Cache), false)
 9 SYSTEMPATH\Boot.php(334): CodeIgniter\CodeIgniter->run()
10 SYSTEMPATH\Boot.php(67): CodeIgniter\Boot::runCodeIgniter(Object(CodeIgniter\CodeIgniter))
11 FCPATH\index.php(56): CodeIgniter\Boot::bootWeb(Object(Config\Paths))
12 SYSTEMPATH\rewrite.php(44): require_once('D:\\laragon\\www\\Tubes-Tekweb\\public\\index.php')
ERROR - 2025-06-18 04:35:07 --> mysqli_sql_exception: Duplicate entry 'test' for key 'users.username' in D:\laragon\www\Tubes-Tekweb\system\Database\MySQLi\Connection.php:327
Stack trace:
#0 D:\laragon\www\Tubes-Tekweb\system\Database\MySQLi\Connection.php(327): mysqli->query('INSERT INTO `us...', 0)
#1 D:\laragon\www\Tubes-Tekweb\system\Database\BaseConnection.php(738): CodeIgniter\Database\MySQLi\Connection->execute('INSERT INTO `us...')
#2 D:\laragon\www\Tubes-Tekweb\system\Database\BaseConnection.php(652): CodeIgniter\Database\BaseConnection->simpleQuery('INSERT INTO `us...')
#3 D:\laragon\www\Tubes-Tekweb\system\Database\BaseBuilder.php(2345): CodeIgniter\Database\BaseConnection->query('INSERT INTO `us...', Array, false)
#4 D:\laragon\www\Tubes-Tekweb\system\Model.php(394): CodeIgniter\Database\BaseBuilder->insert()
#5 D:\laragon\www\Tubes-Tekweb\system\BaseModel.php(839): CodeIgniter\Model->doInsert(Array)
#6 D:\laragon\www\Tubes-Tekweb\system\Model.php(800): CodeIgniter\BaseModel->insert(Array, false)
#7 D:\laragon\www\Tubes-Tekweb\system\BaseModel.php(750): CodeIgniter\Model->insert(Array, false)
#8 D:\laragon\www\Tubes-Tekweb\app\Controllers\UserController.php(30): CodeIgniter\BaseModel->save(Array)
#9 D:\laragon\www\Tubes-Tekweb\system\CodeIgniter.php(933): App\Controllers\UserController->store()
#10 D:\laragon\www\Tubes-Tekweb\system\CodeIgniter.php(507): CodeIgniter\CodeIgniter->runController(Object(App\Controllers\UserController))
#11 D:\laragon\www\Tubes-Tekweb\system\CodeIgniter.php(354): CodeIgniter\CodeIgniter->handleRequest(NULL, Object(Config\Cache), false)
#12 D:\laragon\www\Tubes-Tekweb\system\Boot.php(334): CodeIgniter\CodeIgniter->run()
#13 D:\laragon\www\Tubes-Tekweb\system\Boot.php(67): CodeIgniter\Boot::runCodeIgniter(Object(CodeIgniter\CodeIgniter))
#14 D:\laragon\www\Tubes-Tekweb\public\index.php(56): CodeIgniter\Boot::bootWeb(Object(Config\Paths))
#15 D:\laragon\www\Tubes-Tekweb\system\rewrite.php(44): require_once('D:\\laragon\\www\\...')
#16 {main}
CRITICAL - 2025-06-18 04:35:07 --> CodeIgniter\Database\Exceptions\DatabaseException: Duplicate entry 'test' for key 'users.username'
[Method: POST, Route: users/store]
in SYSTEMPATH\Database\BaseConnection.php on line 692.
 1 SYSTEMPATH\Database\BaseBuilder.php(2345): CodeIgniter\Database\BaseConnection->query('INSERT INTO `users` (`username`, `email`, `full_name`, `created_at`, `updated_at`) VALUES (:username:, :email:, :full_name:, :created_at:, :updated_at:)', [...], false)
 2 SYSTEMPATH\Model.php(394): CodeIgniter\Database\BaseBuilder->insert()
 3 SYSTEMPATH\BaseModel.php(839): CodeIgniter\Model->doInsert([...])
 4 SYSTEMPATH\Model.php(800): CodeIgniter\BaseModel->insert([...], false)
 5 SYSTEMPATH\BaseModel.php(750): CodeIgniter\Model->insert([...], false)
 6 APPPATH\Controllers\UserController.php(30): CodeIgniter\BaseModel->save([...])
 7 SYSTEMPATH\CodeIgniter.php(933): App\Controllers\UserController->store()
 8 SYSTEMPATH\CodeIgniter.php(507): CodeIgniter\CodeIgniter->runController(Object(App\Controllers\UserController))
 9 SYSTEMPATH\CodeIgniter.php(354): CodeIgniter\CodeIgniter->handleRequest(null, Object(Config\Cache), false)
10 SYSTEMPATH\Boot.php(334): CodeIgniter\CodeIgniter->run()
11 SYSTEMPATH\Boot.php(67): CodeIgniter\Boot::runCodeIgniter(Object(CodeIgniter\CodeIgniter))
12 FCPATH\index.php(56): CodeIgniter\Boot::bootWeb(Object(Config\Paths))
13 SYSTEMPATH\rewrite.php(44): require_once('D:\\laragon\\www\\Tubes-Tekweb\\public\\index.php')
CRITICAL - 2025-06-18 04:35:07 --> [Caused by] CodeIgniter\Database\Exceptions\DatabaseException: Duplicate entry 'test' for key 'users.username'
in SYSTEMPATH\Database\MySQLi\Connection.php on line 332.
 1 SYSTEMPATH\Database\BaseConnection.php(738): CodeIgniter\Database\MySQLi\Connection->execute('INSERT INTO `users` (`username`, `email`, `full_name`, `created_at`, `updated_at`) VALUES (\'test\', \'pudidi@unjani.com\', \'test\', \'2025-06-18 04:35:07\', \'2025-06-18 04:35:07\')')
 2 SYSTEMPATH\Database\BaseConnection.php(652): CodeIgniter\Database\BaseConnection->simpleQuery('INSERT INTO `users` (`username`, `email`, `full_name`, `created_at`, `updated_at`) VALUES (\'test\', \'pudidi@unjani.com\', \'test\', \'2025-06-18 04:35:07\', \'2025-06-18 04:35:07\')')
 3 SYSTEMPATH\Database\BaseBuilder.php(2345): CodeIgniter\Database\BaseConnection->query('INSERT INTO `users` (`username`, `email`, `full_name`, `created_at`, `updated_at`) VALUES (:username:, :email:, :full_name:, :created_at:, :updated_at:)', [...], false)
 4 SYSTEMPATH\Model.php(394): CodeIgniter\Database\BaseBuilder->insert()
 5 SYSTEMPATH\BaseModel.php(839): CodeIgniter\Model->doInsert([...])
 6 SYSTEMPATH\Model.php(800): CodeIgniter\BaseModel->insert([...], false)
 7 SYSTEMPATH\BaseModel.php(750): CodeIgniter\Model->insert([...], false)
 8 APPPATH\Controllers\UserController.php(30): CodeIgniter\BaseModel->save([...])
 9 SYSTEMPATH\CodeIgniter.php(933): App\Controllers\UserController->store()
10 SYSTEMPATH\CodeIgniter.php(507): CodeIgniter\CodeIgniter->runController(Object(App\Controllers\UserController))
11 SYSTEMPATH\CodeIgniter.php(354): CodeIgniter\CodeIgniter->handleRequest(null, Object(Config\Cache), false)
12 SYSTEMPATH\Boot.php(334): CodeIgniter\CodeIgniter->run()
13 SYSTEMPATH\Boot.php(67): CodeIgniter\Boot::runCodeIgniter(Object(CodeIgniter\CodeIgniter))
14 FCPATH\index.php(56): CodeIgniter\Boot::bootWeb(Object(Config\Paths))
15 SYSTEMPATH\rewrite.php(44): require_once('D:\\laragon\\www\\Tubes-Tekweb\\public\\index.php')
CRITICAL - 2025-06-18 04:35:07 --> [Caused by] mysqli_sql_exception: Duplicate entry 'test' for key 'users.username'
in SYSTEMPATH\Database\MySQLi\Connection.php on line 327.
 1 SYSTEMPATH\Database\MySQLi\Connection.php(327): mysqli->query('INSERT INTO `users` (`username`, `email`, `full_name`, `created_at`, `updated_at`) VALUES (\'test\', \'pudidi@unjani.com\', \'test\', \'2025-06-18 04:35:07\', \'2025-06-18 04:35:07\')', 0)
 2 SYSTEMPATH\Database\BaseConnection.php(738): CodeIgniter\Database\MySQLi\Connection->execute('INSERT INTO `users` (`username`, `email`, `full_name`, `created_at`, `updated_at`) VALUES (\'test\', \'pudidi@unjani.com\', \'test\', \'2025-06-18 04:35:07\', \'2025-06-18 04:35:07\')')
 3 SYSTEMPATH\Database\BaseConnection.php(652): CodeIgniter\Database\BaseConnection->simpleQuery('INSERT INTO `users` (`username`, `email`, `full_name`, `created_at`, `updated_at`) VALUES (\'test\', \'pudidi@unjani.com\', \'test\', \'2025-06-18 04:35:07\', \'2025-06-18 04:35:07\')')
 4 SYSTEMPATH\Database\BaseBuilder.php(2345): CodeIgniter\Database\BaseConnection->query('INSERT INTO `users` (`username`, `email`, `full_name`, `created_at`, `updated_at`) VALUES (:username:, :email:, :full_name:, :created_at:, :updated_at:)', [...], false)
 5 SYSTEMPATH\Model.php(394): CodeIgniter\Database\BaseBuilder->insert()
 6 SYSTEMPATH\BaseModel.php(839): CodeIgniter\Model->doInsert([...])
 7 SYSTEMPATH\Model.php(800): CodeIgniter\BaseModel->insert([...], false)
 8 SYSTEMPATH\BaseModel.php(750): CodeIgniter\Model->insert([...], false)
 9 APPPATH\Controllers\UserController.php(30): CodeIgniter\BaseModel->save([...])
10 SYSTEMPATH\CodeIgniter.php(933): App\Controllers\UserController->store()
11 SYSTEMPATH\CodeIgniter.php(507): CodeIgniter\CodeIgniter->runController(Object(App\Controllers\UserController))
12 SYSTEMPATH\CodeIgniter.php(354): CodeIgniter\CodeIgniter->handleRequest(null, Object(Config\Cache), false)
13 SYSTEMPATH\Boot.php(334): CodeIgniter\CodeIgniter->run()
14 SYSTEMPATH\Boot.php(67): CodeIgniter\Boot::runCodeIgniter(Object(CodeIgniter\CodeIgniter))
15 FCPATH\index.php(56): CodeIgniter\Boot::bootWeb(Object(Config\Paths))
16 SYSTEMPATH\rewrite.php(44): require_once('D:\\laragon\\www\\Tubes-Tekweb\\public\\index.php')
ERROR - 2025-06-18 04:35:24 --> mysqli_sql_exception: Duplicate entry 'test' for key 'users.username' in D:\laragon\www\Tubes-Tekweb\system\Database\MySQLi\Connection.php:327
Stack trace:
#0 D:\laragon\www\Tubes-Tekweb\system\Database\MySQLi\Connection.php(327): mysqli->query('INSERT INTO `us...', 0)
#1 D:\laragon\www\Tubes-Tekweb\system\Database\BaseConnection.php(738): CodeIgniter\Database\MySQLi\Connection->execute('INSERT INTO `us...')
#2 D:\laragon\www\Tubes-Tekweb\system\Database\BaseConnection.php(652): CodeIgniter\Database\BaseConnection->simpleQuery('INSERT INTO `us...')
#3 D:\laragon\www\Tubes-Tekweb\system\Database\BaseBuilder.php(2345): CodeIgniter\Database\BaseConnection->query('INSERT INTO `us...', Array, false)
#4 D:\laragon\www\Tubes-Tekweb\system\Model.php(394): CodeIgniter\Database\BaseBuilder->insert()
#5 D:\laragon\www\Tubes-Tekweb\system\BaseModel.php(839): CodeIgniter\Model->doInsert(Array)
#6 D:\laragon\www\Tubes-Tekweb\system\Model.php(800): CodeIgniter\BaseModel->insert(Array, false)
#7 D:\laragon\www\Tubes-Tekweb\system\BaseModel.php(750): CodeIgniter\Model->insert(Array, false)
#8 D:\laragon\www\Tubes-Tekweb\app\Controllers\UserController.php(30): CodeIgniter\BaseModel->save(Array)
#9 D:\laragon\www\Tubes-Tekweb\system\CodeIgniter.php(933): App\Controllers\UserController->store()
#10 D:\laragon\www\Tubes-Tekweb\system\CodeIgniter.php(507): CodeIgniter\CodeIgniter->runController(Object(App\Controllers\UserController))
#11 D:\laragon\www\Tubes-Tekweb\system\CodeIgniter.php(354): CodeIgniter\CodeIgniter->handleRequest(NULL, Object(Config\Cache), false)
#12 D:\laragon\www\Tubes-Tekweb\system\Boot.php(334): CodeIgniter\CodeIgniter->run()
#13 D:\laragon\www\Tubes-Tekweb\system\Boot.php(67): CodeIgniter\Boot::runCodeIgniter(Object(CodeIgniter\CodeIgniter))
#14 D:\laragon\www\Tubes-Tekweb\public\index.php(56): CodeIgniter\Boot::bootWeb(Object(Config\Paths))
#15 D:\laragon\www\Tubes-Tekweb\system\rewrite.php(44): require_once('D:\\laragon\\www\\...')
#16 {main}
CRITICAL - 2025-06-18 04:35:24 --> CodeIgniter\Database\Exceptions\DatabaseException: Duplicate entry 'test' for key 'users.username'
[Method: POST, Route: users/store]
in SYSTEMPATH\Database\BaseConnection.php on line 692.
 1 SYSTEMPATH\Database\BaseBuilder.php(2345): CodeIgniter\Database\BaseConnection->query('INSERT INTO `users` (`username`, `email`, `full_name`, `created_at`, `updated_at`) VALUES (:username:, :email:, :full_name:, :created_at:, :updated_at:)', [...], false)
 2 SYSTEMPATH\Model.php(394): CodeIgniter\Database\BaseBuilder->insert()
 3 SYSTEMPATH\BaseModel.php(839): CodeIgniter\Model->doInsert([...])
 4 SYSTEMPATH\Model.php(800): CodeIgniter\BaseModel->insert([...], false)
 5 SYSTEMPATH\BaseModel.php(750): CodeIgniter\Model->insert([...], false)
 6 APPPATH\Controllers\UserController.php(30): CodeIgniter\BaseModel->save([...])
 7 SYSTEMPATH\CodeIgniter.php(933): App\Controllers\UserController->store()
 8 SYSTEMPATH\CodeIgniter.php(507): CodeIgniter\CodeIgniter->runController(Object(App\Controllers\UserController))
 9 SYSTEMPATH\CodeIgniter.php(354): CodeIgniter\CodeIgniter->handleRequest(null, Object(Config\Cache), false)
10 SYSTEMPATH\Boot.php(334): CodeIgniter\CodeIgniter->run()
11 SYSTEMPATH\Boot.php(67): CodeIgniter\Boot::runCodeIgniter(Object(CodeIgniter\CodeIgniter))
12 FCPATH\index.php(56): CodeIgniter\Boot::bootWeb(Object(Config\Paths))
13 SYSTEMPATH\rewrite.php(44): require_once('D:\\laragon\\www\\Tubes-Tekweb\\public\\index.php')
CRITICAL - 2025-06-18 04:35:24 --> [Caused by] CodeIgniter\Database\Exceptions\DatabaseException: Duplicate entry 'test' for key 'users.username'
in SYSTEMPATH\Database\MySQLi\Connection.php on line 332.
 1 SYSTEMPATH\Database\BaseConnection.php(738): CodeIgniter\Database\MySQLi\Connection->execute('INSERT INTO `users` (`username`, `email`, `full_name`, `created_at`, `updated_at`) VALUES (\'test\', \'pudidi@unjani.com\', \'das\', \'2025-06-18 04:35:24\', \'2025-06-18 04:35:24\')')
 2 SYSTEMPATH\Database\BaseConnection.php(652): CodeIgniter\Database\BaseConnection->simpleQuery('INSERT INTO `users` (`username`, `email`, `full_name`, `created_at`, `updated_at`) VALUES (\'test\', \'pudidi@unjani.com\', \'das\', \'2025-06-18 04:35:24\', \'2025-06-18 04:35:24\')')
 3 SYSTEMPATH\Database\BaseBuilder.php(2345): CodeIgniter\Database\BaseConnection->query('INSERT INTO `users` (`username`, `email`, `full_name`, `created_at`, `updated_at`) VALUES (:username:, :email:, :full_name:, :created_at:, :updated_at:)', [...], false)
 4 SYSTEMPATH\Model.php(394): CodeIgniter\Database\BaseBuilder->insert()
 5 SYSTEMPATH\BaseModel.php(839): CodeIgniter\Model->doInsert([...])
 6 SYSTEMPATH\Model.php(800): CodeIgniter\BaseModel->insert([...], false)
 7 SYSTEMPATH\BaseModel.php(750): CodeIgniter\Model->insert([...], false)
 8 APPPATH\Controllers\UserController.php(30): CodeIgniter\BaseModel->save([...])
 9 SYSTEMPATH\CodeIgniter.php(933): App\Controllers\UserController->store()
10 SYSTEMPATH\CodeIgniter.php(507): CodeIgniter\CodeIgniter->runController(Object(App\Controllers\UserController))
11 SYSTEMPATH\CodeIgniter.php(354): CodeIgniter\CodeIgniter->handleRequest(null, Object(Config\Cache), false)
12 SYSTEMPATH\Boot.php(334): CodeIgniter\CodeIgniter->run()
13 SYSTEMPATH\Boot.php(67): CodeIgniter\Boot::runCodeIgniter(Object(CodeIgniter\CodeIgniter))
14 FCPATH\index.php(56): CodeIgniter\Boot::bootWeb(Object(Config\Paths))
15 SYSTEMPATH\rewrite.php(44): require_once('D:\\laragon\\www\\Tubes-Tekweb\\public\\index.php')
CRITICAL - 2025-06-18 04:35:24 --> [Caused by] mysqli_sql_exception: Duplicate entry 'test' for key 'users.username'
in SYSTEMPATH\Database\MySQLi\Connection.php on line 327.
 1 SYSTEMPATH\Database\MySQLi\Connection.php(327): mysqli->query('INSERT INTO `users` (`username`, `email`, `full_name`, `created_at`, `updated_at`) VALUES (\'test\', \'pudidi@unjani.com\', \'das\', \'2025-06-18 04:35:24\', \'2025-06-18 04:35:24\')', 0)
 2 SYSTEMPATH\Database\BaseConnection.php(738): CodeIgniter\Database\MySQLi\Connection->execute('INSERT INTO `users` (`username`, `email`, `full_name`, `created_at`, `updated_at`) VALUES (\'test\', \'pudidi@unjani.com\', \'das\', \'2025-06-18 04:35:24\', \'2025-06-18 04:35:24\')')
 3 SYSTEMPATH\Database\BaseConnection.php(652): CodeIgniter\Database\BaseConnection->simpleQuery('INSERT INTO `users` (`username`, `email`, `full_name`, `created_at`, `updated_at`) VALUES (\'test\', \'pudidi@unjani.com\', \'das\', \'2025-06-18 04:35:24\', \'2025-06-18 04:35:24\')')
 4 SYSTEMPATH\Database\BaseBuilder.php(2345): CodeIgniter\Database\BaseConnection->query('INSERT INTO `users` (`username`, `email`, `full_name`, `created_at`, `updated_at`) VALUES (:username:, :email:, :full_name:, :created_at:, :updated_at:)', [...], false)
 5 SYSTEMPATH\Model.php(394): CodeIgniter\Database\BaseBuilder->insert()
 6 SYSTEMPATH\BaseModel.php(839): CodeIgniter\Model->doInsert([...])
 7 SYSTEMPATH\Model.php(800): CodeIgniter\BaseModel->insert([...], false)
 8 SYSTEMPATH\BaseModel.php(750): CodeIgniter\Model->insert([...], false)
 9 APPPATH\Controllers\UserController.php(30): CodeIgniter\BaseModel->save([...])
10 SYSTEMPATH\CodeIgniter.php(933): App\Controllers\UserController->store()
11 SYSTEMPATH\CodeIgniter.php(507): CodeIgniter\CodeIgniter->runController(Object(App\Controllers\UserController))
12 SYSTEMPATH\CodeIgniter.php(354): CodeIgniter\CodeIgniter->handleRequest(null, Object(Config\Cache), false)
13 SYSTEMPATH\Boot.php(334): CodeIgniter\CodeIgniter->run()
14 SYSTEMPATH\Boot.php(67): CodeIgniter\Boot::runCodeIgniter(Object(CodeIgniter\CodeIgniter))
15 FCPATH\index.php(56): CodeIgniter\Boot::bootWeb(Object(Config\Paths))
16 SYSTEMPATH\rewrite.php(44): require_once('D:\\laragon\\www\\Tubes-Tekweb\\public\\index.php')
